This is TeX, Version 3.1415926 (Web2C 7.5.7) (format=tex 2008.12.28)  25 JUL 2010 15:52
**\scrollmode\input manual
(./manual.tex (./gapmacro.tex
(/usr/local/texlive/2008/texmf-dist/tex/plain/amsfonts/amssym.tex
(/usr/local/texlive/2008/texmf-dist/tex/plain/amsfonts/amssym.def
\msafam=\fam8
\msbfam=\fam9
\eufmfam=\fam10
))
Running TeX
\pagewidth=\dimen16
\pageheight=\dimen17
\colwidth=\dimen18
\partialpage=\box16
\origvsize=\dimen19
\manindent=\dimen20
\smallmanindent=\dimen21
\msbfam=\fam11
\labelout=\write0
\indexout=\write1
\secindout=\write2
\tocout=\write3
\citeout=\write4
\ans=\write5
\labelin=\read0
\indexin=\read1
\tocin=\read2
\citein=\read3
\secno=\count26
\subsecno=\count27
\exno=\count28
\indentno=\count29
) (./qpamacro.tex) [1]
\makelabel {qpa:}{1}
Chapter `' .
(./authors.tex) [2.1
\chapcontents {\tocstrut }{}{2}
]
\makelabel {qpa:contents}{2}
Chapter `Contents' .
(./manual.toc) [3.2
\chapcontents {\tocstrut }{Contents}{3}
] (./manual.lab)
\openout3 = `manual.toc'.

\openout0 = `manual.lab'.

\openout1 = `manual.idx'.

\openout2 = `manual.six'.

\openout4 = `manual.aux'.

 [4.2] (./copyrigh.tex
Chapter `Copyright Notice' .
) [5.3] (./quickstart.tex
Chapter `Quick Start' .
[6.1]
Label `qpa:Some Tapas of Computer Algebra' undefined.
[7.1] [8.1]) (./quiver.tex [9.1]
Chapter `Quivers' .
Label `qpa:Constructing Paths' undefined.
[10.2] [11.2] [12.2] [13.2] [14.2]) (./pathalg.tex [15.2]
Chapter `Path Algebras' .
Label `ref:algebras' undefined.
[16.3] [17.3]
Label `ref:algebras' undefined.
Label `ref:algebras' undefined.
[18.3]) (./ordering.tex [19.3]
Chapter `Orderings' .
[20.4] [21.4] [22.4] [23.4]) (./groebner.tex [24.4]
Chapter `Groebner Basis' .
[25.5] [26.5]) (./opal.tex [27.5]
Chapter `Using Opal with GAP' .
[28.6] [29.6] [30.6]) (./gbnp.tex [31.6]
Chapter `Using GBNP with GAP' .
) (./pamodule.tex [32.7]
Chapter `Right Modules over Path Algebras' .
[33.8]
Label `ref:representations of algebras' undefined.
Label `ref:vector spaces' undefined.
[34.8]
Label `ref:Representations of Algebras' undefined.
[35.8] [36.8] [37.8]) [38.9]
Chapter `Index' .
No file manual.ind.
##
## Citations for BibTeX written on manual.aux.
## Index entries for makeindex written on manual.idx.
## Section index entries written on manual.six.
## Label definitions written on manual.lab.
## Table of contents written on manual.toc.
## There were undefined labels or references.
## Labels have changed, run again. (Or they were multiply defined.)
##
[39.1] )
Output written on manual.dvi (39 pages, 89800 bytes).
