This is pdfTeX, Version 3.1415926-1.40.10 (TeX Live 2009) (format=pdflatex 2010.5.14)  11 APR 2012 14:40
entering extended mode
 %&-line parsing enabled.
**qpadocumentation
(./qpadocumentation.tex
LaTeX2e <2009/09/24>
Babel <v3.8l> and hyphenation patterns for english, usenglishmax, dumylang, noh
yphenation, german-x-2009-06-19, ngerman-x-2009-06-19, ancientgreek, ibycus, ar
abic, basque, bulgarian, catalan, pinyin, coptic, croatian, czech, danish, dutc
h, esperanto, estonian, farsi, finnish, french, galician, german, ngerman, mono
greek, greek, hungarian, icelandic, indonesian, interlingua, irish, italian, ku
rmanji, latin, latvian, lithuanian, mongolian, mongolian2a, bokmal, nynorsk, po
lish, portuguese, romanian, russian, sanskrit, serbian, slovak, slovenian, span
ish, swedish, turkish, ukenglish, ukrainian, uppersorbian, welsh, loaded.
(/usr/local/texlive/2009/texmf-dist/tex/latex/base/report.cls
Document Class: report 2007/10/19 v1.4h Standard LaTeX document class
(/usr/local/texlive/2009/texmf-dist/tex/latex/base/size11.clo
File: size11.clo 2007/10/19 v1.4h Standard LaTeX file (size option)
)
\c@part=\count79
\c@chapter=\count80
\c@section=\count81
\c@subsection=\count82
\c@subsubsection=\count83
\c@paragraph=\count84
\c@subparagraph=\count85
\c@figure=\count86
\c@table=\count87
\abovecaptionskip=\skip41
\belowcaptionskip=\skip42
\bibindent=\dimen102
)
(/usr/local/texlive/2009/texmf-dist/tex/latex/ltxmisc/a4wide.sty
Package: a4wide 1994/08/30

(/usr/local/texlive/2009/texmf-dist/tex/latex/ntgclass/a4.sty
Package: a4 2004/04/15 v1.2g A4 based page layout
))
(/usr/local/texlive/2009/texmf-dist/tex/latex/amsfonts/amssymb.sty
Package: amssymb 2009/06/22 v3.00

(/usr/local/texlive/2009/texmf-dist/tex/latex/amsfonts/amsfonts.sty
Package: amsfonts 2009/06/22 v3.00 Basic AMSFonts support
\@emptytoks=\toks14
\symAMSa=\mathgroup4
\symAMSb=\mathgroup5
LaTeX Font Info:    Overwriting math alphabet `\mathfrak' in version `bold'
(Font)                  U/euf/m/n --> U/euf/b/n on input line 96.
))
(/usr/local/texlive/2009/texmf-dist/tex/latex/base/inputenc.sty
Package: inputenc 2008/03/30 v1.1d Input encoding file
\inpenc@prehook=\toks15
\inpenc@posthook=\toks16

(/usr/local/texlive/2009/texmf-dist/tex/latex/base/latin1.def
File: latin1.def 2008/03/30 v1.1d Input encoding file
))
(/usr/local/texlive/2009/texmf-dist/tex/latex/base/makeidx.sty
Package: makeidx 2000/03/29 v1.0m Standard LaTeX package
)
\@indexfile=\write3
\openout3 = `qpadocumentation.idx'.


Writing index file qpadocumentation.idx
(/usr/local/texlive/2009/texmf-dist/tex/latex/graphics/color.sty
Package: color 2005/11/14 v1.0j Standard LaTeX Color (DPC)

(/usr/local/texlive/2009/texmf-dist/tex/latex/latexconfig/color.cfg
File: color.cfg 2007/01/18 v1.5 color configuration of teTeX/TeXLive
)
Package color Info: Driver file: pdftex.def on input line 130.

(/usr/local/texlive/2009/texmf-dist/tex/latex/pdftex-def/pdftex.def
File: pdftex.def 2009/08/25 v0.04m Graphics/color for pdfTeX
\Gread@gobject=\count88
))
(/usr/local/texlive/2009/texmf-dist/tex/latex/fancyvrb/fancyvrb.sty
Package: fancyvrb 2008/02/07

Style option: `fancyvrb' v2.7a, with DG/SPQR fixes, and firstline=lastline fix 
<2008/02/07> (tvz)
(/usr/local/texlive/2009/texmf-dist/tex/latex/graphics/keyval.sty
Package: keyval 1999/03/16 v1.13 key=value parser (DPC)
\KV@toks@=\toks17
)
\FV@CodeLineNo=\count89
\FV@InFile=\read1
\FV@TabBox=\box26
\c@FancyVerbLine=\count90
\FV@StepNumber=\count91
\FV@OutFile=\write4
)
(/usr/local/texlive/2009/texmf-dist/tex/latex/pslatex/pslatex.sty
Package: pslatex 1996/07/24 v1.2 pslatex emulation (DPC)
LaTeX Font Info:    Redeclaring symbol font `operators' on input line 65.
LaTeX Font Info:    Overwriting symbol font `operators' in version `normal'
(Font)                  OT1/cmr/m/n --> OT1/ptmcm/m/n on input line 65.
LaTeX Font Info:    Overwriting symbol font `operators' in version `bold'
(Font)                  OT1/cmr/bx/n --> OT1/ptmcm/m/n on input line 65.
LaTeX Font Info:    Redeclaring symbol font `letters' on input line 66.
LaTeX Font Info:    Overwriting symbol font `letters' in version `normal'
(Font)                  OML/cmm/m/it --> OML/ptmcm/m/it on input line 66.
LaTeX Font Info:    Overwriting symbol font `letters' in version `bold'
(Font)                  OML/cmm/b/it --> OML/ptmcm/m/it on input line 66.
LaTeX Font Info:    Redeclaring symbol font `symbols' on input line 67.
LaTeX Font Info:    Overwriting symbol font `symbols' in version `normal'
(Font)                  OMS/cmsy/m/n --> OMS/pzccm/m/n on input line 67.
LaTeX Font Info:    Overwriting symbol font `symbols' in version `bold'
(Font)                  OMS/cmsy/b/n --> OMS/pzccm/m/n on input line 67.
LaTeX Font Info:    Redeclaring symbol font `largesymbols' on input line 68.
LaTeX Font Info:    Overwriting symbol font `largesymbols' in version `normal'
(Font)                  OMX/cmex/m/n --> OMX/psycm/m/n on input line 68.
LaTeX Font Info:    Overwriting symbol font `largesymbols' in version `bold'
(Font)                  OMX/cmex/m/n --> OMX/psycm/m/n on input line 68.
\symbold=\mathgroup6
\symitalic=\mathgroup7
LaTeX Font Info:    Redeclaring math alphabet \mathbf on input line 74.
LaTeX Font Info:    Overwriting math alphabet `\mathbf' in version `normal'
(Font)                  OT1/cmr/bx/n --> OT1/ptm/bx/n on input line 74.
LaTeX Font Info:    Overwriting math alphabet `\mathbf' in version `bold'
(Font)                  OT1/cmr/bx/n --> OT1/ptm/bx/n on input line 74.
LaTeX Font Info:    Redeclaring math alphabet \mathit on input line 75.
LaTeX Font Info:    Overwriting math alphabet `\mathit' in version `normal'
(Font)                  OT1/cmr/m/it --> OT1/ptm/m/it on input line 75.
LaTeX Font Info:    Overwriting math alphabet `\mathit' in version `bold'
(Font)                  OT1/cmr/bx/it --> OT1/ptm/m/it on input line 75.
)
(/usr/local/texlive/2009/texmf-dist/tex/latex/amsmath/amsmath.sty
Package: amsmath 2000/07/18 v2.13 AMS math features
\@mathmargin=\skip43

For additional information on amsmath, use the `?' option.
(/usr/local/texlive/2009/texmf-dist/tex/latex/amsmath/amstext.sty
Package: amstext 2000/06/29 v2.01

(/usr/local/texlive/2009/texmf-dist/tex/latex/amsmath/amsgen.sty
File: amsgen.sty 1999/11/30 v2.0
\@emptytoks=\toks18
\ex@=\dimen103
))
(/usr/local/texlive/2009/texmf-dist/tex/latex/amsmath/amsbsy.sty
Package: amsbsy 1999/11/29 v1.2d
\pmbraise@=\dimen104
)
(/usr/local/texlive/2009/texmf-dist/tex/latex/amsmath/amsopn.sty
Package: amsopn 1999/12/14 v2.01 operator names
)
\inf@bad=\count92
LaTeX Info: Redefining \frac on input line 211.
\uproot@=\count93
\leftroot@=\count94
LaTeX Info: Redefining \overline on input line 307.
\classnum@=\count95
\DOTSCASE@=\count96
LaTeX Info: Redefining \ldots on input line 379.
LaTeX Info: Redefining \dots on input line 382.
LaTeX Info: Redefining \cdots on input line 467.
\Mathstrutbox@=\box27
\strutbox@=\box28
\big@size=\dimen105
LaTeX Font Info:    Redeclaring font encoding OML on input line 567.
LaTeX Font Info:    Redeclaring font encoding OMS on input line 568.
\macc@depth=\count97
\c@MaxMatrixCols=\count98
\dotsspace@=\muskip10
\c@parentequation=\count99
\dspbrk@lvl=\count100
\tag@help=\toks19
\row@=\count101
\column@=\count102
\maxfields@=\count103
\andhelp@=\toks20
\eqnshift@=\dimen106
\alignsep@=\dimen107
\tagshift@=\dimen108
\tagwidth@=\dimen109
\totwidth@=\dimen110
\lineht@=\dimen111
\@envbody=\toks21
\multlinegap=\skip44
\multlinetaggap=\skip45
\mathdisplay@stack=\toks22
LaTeX Info: Redefining \[ on input line 2666.
LaTeX Info: Redefining \] on input line 2667.
)
(/usr/local/texlive/2009/texmf-dist/tex/generic/xypic/xy.sty
(/usr/local/texlive/2009/texmf-dist/tex/generic/xypic/xy.tex Bootstrap'ing:
catcodes, docmode,
(/usr/local/texlive/2009/texmf-dist/tex/generic/xypic/xyrecat.tex)
(/usr/local/texlive/2009/texmf-dist/tex/generic/xypic/xyidioms.tex)

 Xy-pic version 3.7 <1999/02/16>
 Copyright (c) 1991-1998 by Kristoffer H. Rose <krisrose@ens-lyon.fr>
 Xy-pic is free software: see the User's Guide for details.

Loading kernel: messages; fonts; allocations: state,
\X@c=\dimen112
\Y@c=\dimen113
\U@c=\dimen114
\D@c=\dimen115
\L@c=\dimen116
\R@c=\dimen117
\Edge@c=\toks23
\X@p=\dimen118
\Y@p=\dimen119
\U@p=\dimen120
\D@p=\dimen121
\L@p=\dimen122
\R@p=\dimen123
\Edge@p=\toks24
\X@origin=\dimen124
\Y@origin=\dimen125
\X@xbase=\dimen126
\Y@xbase=\dimen127
\X@ybase=\dimen128
\Y@ybase=\dimen129
\X@min=\dimen130
\Y@min=\dimen131
\X@max=\dimen132
\Y@max=\dimen133
\lastobjectbox@=\box29
\zerodotbox@=\box30
\almostz@=\dimen134
 direction,
\d@X=\dimen135
\d@Y=\dimen136
\K@=\count104
\KK@=\count105
\Direction=\count106
\K@dXdY=\dimen137
\K@dYdX=\dimen138
\xyread@=\read2
\xywrite@=\write5
\csp@=\count107
\quotPTK@=\dimen139

utility macros; pictures: \xy, positions,
\swaptoks@@=\toks25
\connectobjectbox@@=\box31
 objects,
\styletoks@=\toks26
 decorations;
kernel objects: directionals, circles, text; options; algorithms: directions,
edges, connections;  Xy-pic loaded)
Package: xy 1999/02/16 Xy-pic version 3.7

(/usr/local/texlive/2009/texmf-dist/tex/generic/xypic/xyall.tex
 Xy-pic option: All features v.3.3
(/usr/local/texlive/2009/texmf-dist/tex/generic/xypic/xycurve.tex
 Xy-pic option: Curve and Spline extension v.3.7 curve,
\crv@cnt@=\count108
\crvpts@=\toks27
\splinebox@=\box32
\splineval@=\dimen140
\splinedepth@=\dimen141
\splinetol@=\dimen142
\splinelength@=\dimen143
 circles,
\L@=\dimen144
 loaded)
(/usr/local/texlive/2009/texmf-dist/tex/generic/xypic/xyframe.tex
 Xy-pic option: Frame and Bracket extension v.3.7 loaded)
(/usr/local/texlive/2009/texmf-dist/tex/generic/xypic/xycmtip.tex
 Xy-pic option: Computer Modern tip extension v.3.3
(/usr/local/texlive/2009/texmf-dist/tex/generic/xypic/xytips.tex
 Xy-pic option: More Tips extension v.3.3 loaded) loaded)
(/usr/local/texlive/2009/texmf-dist/tex/generic/xypic/xyline.tex
 Xy-pic option: Line styles extension v.3.6
\xylinethick@=\dimen145
 loaded)
(/usr/local/texlive/2009/texmf-dist/tex/generic/xypic/xyrotate.tex
 Xy-pic option: Rotate and Scale extension v.3.3 loaded)
(/usr/local/texlive/2009/texmf-dist/tex/generic/xypic/xycolor.tex
 Xy-pic option: Colour extension v.3.3 loaded)
(/usr/local/texlive/2009/texmf-dist/tex/generic/xypic/xymatrix.tex
 Xy-pic option: Matrix feature v.3.4
\Row=\count109
\Col=\count110
\queue@=\toks28
\queue@@=\toks29
\qcount@=\count111
\qcount@@=\count112
\matrixsize@=\count113
 loaded)
(/usr/local/texlive/2009/texmf-dist/tex/generic/xypic/xyarrow.tex
 Xy-pic option: Arrow and Path feature v.3.5 path, \ar, loaded)
(/usr/local/texlive/2009/texmf-dist/tex/generic/xypic/xygraph.tex
 Xy-pic option: Graph feature v.3.7 loaded) loaded))
(/usr/local/texlive/2009/texmf-dist/tex/latex/hyperref/hyperref.sty
Package: hyperref 2009/10/09 v6.79a Hypertext links for LaTeX

(/usr/local/texlive/2009/texmf-dist/tex/generic/oberdiek/ifpdf.sty
Package: ifpdf 2009/04/10 v2.0 Provides the ifpdf switch (HO)
Package ifpdf Info: pdfTeX in pdf mode detected.
)
(/usr/local/texlive/2009/texmf-dist/tex/generic/oberdiek/ifvtex.sty
Package: ifvtex 2008/11/04 v1.4 Switches for detecting VTeX and its modes (HO)
Package ifvtex Info: VTeX not detected.
)
(/usr/local/texlive/2009/texmf-dist/tex/generic/ifxetex/ifxetex.sty
Package: ifxetex 2009/01/23 v0.5 Provides ifxetex conditional
)
(/usr/local/texlive/2009/texmf-dist/tex/latex/oberdiek/hycolor.sty
Package: hycolor 2009/10/02 v1.5 Code for color options of hyperref/bookmark (H
O)

(/usr/local/texlive/2009/texmf-dist/tex/latex/oberdiek/xcolor-patch.sty
Package: xcolor-patch 2009/10/02 xcolor patch
))
\@linkdim=\dimen146
\Hy@linkcounter=\count114
\Hy@pagecounter=\count115

(/usr/local/texlive/2009/texmf-dist/tex/latex/hyperref/pd1enc.def
File: pd1enc.def 2009/10/09 v6.79a Hyperref: PDFDocEncoding definition (HO)
)
(/usr/local/texlive/2009/texmf-dist/tex/generic/oberdiek/etexcmds.sty
Package: etexcmds 2007/12/12 v1.2 Prefix for e-TeX command names (HO)

(/usr/local/texlive/2009/texmf-dist/tex/generic/oberdiek/infwarerr.sty
Package: infwarerr 2007/09/09 v1.2 Providing info/warning/message (HO)
)
Package etexcmds Info: Could not find \expanded.
(etexcmds)             That can mean that you are not using pdfTeX 1.50 or
(etexcmds)             that some package has redefined \expanded.
(etexcmds)             In the latter case, load this package earlier.
)
(/usr/local/texlive/2009/texmf-dist/tex/latex/latexconfig/hyperref.cfg
File: hyperref.cfg 2002/06/06 v1.2 hyperref configuration of TeXLive
)
(/usr/local/texlive/2009/texmf-dist/tex/latex/oberdiek/kvoptions.sty
Package: kvoptions 2009/08/13 v3.4 Keyval support for LaTeX options (HO)

(/usr/local/texlive/2009/texmf-dist/tex/generic/oberdiek/kvsetkeys.sty
Package: kvsetkeys 2009/07/30 v1.5 Key value parser with default handler suppor
t (HO)
))
Package hyperref Info: Option `bookmarks' set `false' on input line 2864.
Package hyperref Info: Option `colorlinks' set `true' on input line 2864.
Package hyperref Info: Option `breaklinks' set `true' on input line 2864.


Package hyperref Warning: Option `pagecolor' is not available anymore.

Package hyperref Info: Hyper figures OFF on input line 2975.
Package hyperref Info: Link nesting OFF on input line 2980.
Package hyperref Info: Hyper index ON on input line 2983.
Package hyperref Info: Plain pages OFF on input line 2990.
Package hyperref Info: Backreferencing ON on input line 2993.
Implicit mode ON; LaTeX internals redefined
Package hyperref Info: Bookmarks OFF on input line 3197.
(/usr/local/texlive/2009/texmf-dist/tex/latex/hyperref/backref.sty
Package: backref 2006/09/05 v1.28 Bibliographical back referencing
)
(/usr/local/texlive/2009/texmf-dist/tex/latex/ltxmisc/url.sty
\Urlmuskip=\muskip11
Package: url 2006/04/12  ver 3.3  Verb mode for urls, etc.
)
LaTeX Info: Redefining \url on input line 3428.

(/usr/local/texlive/2009/texmf-dist/tex/generic/oberdiek/bitset.sty
Package: bitset 2007/09/28 v1.0 Data type bit set (HO)

(/usr/local/texlive/2009/texmf-dist/tex/generic/oberdiek/intcalc.sty
Package: intcalc 2007/09/27 v1.1 Expandable integer calculations (HO)
)
(/usr/local/texlive/2009/texmf-dist/tex/generic/oberdiek/bigintcalc.sty
Package: bigintcalc 2007/11/11 v1.1 Expandable big integer calculations (HO)

(/usr/local/texlive/2009/texmf-dist/tex/generic/oberdiek/pdftexcmds.sty
Package: pdftexcmds 2009/09/23 v0.6 LuaTeX support for pdfTeX utility functions
 (HO)

(/usr/local/texlive/2009/texmf-dist/tex/generic/oberdiek/ifluatex.sty
Package: ifluatex 2009/04/17 v1.2 Provides the ifluatex switch (HO)
Package ifluatex Info: LuaTeX not detected.
)
(/usr/local/texlive/2009/texmf-dist/tex/generic/oberdiek/ltxcmds.sty
Package: ltxcmds 2009/08/05 v1.0 Some LaTeX kernel commands for general use (HO
)
)
Package pdftexcmds Info: LuaTeX not detected.
Package pdftexcmds Info: \pdf@primitive is available.
Package pdftexcmds Info: \pdf@ifprimitive is available.
)))
\Fld@menulength=\count116
\Field@Width=\dimen147
\Fld@charsize=\dimen148
\Field@toks=\toks30
Package hyperref Info: Hyper figures OFF on input line 4377.
Package hyperref Info: Link nesting OFF on input line 4382.
Package hyperref Info: Hyper index ON on input line 4385.
Package hyperref Info: backreferencing ON on input line 4390.
Package hyperref Info: Link coloring ON on input line 4395.
Package hyperref Info: Link coloring with OCG OFF on input line 4402.
Package hyperref Info: PDF/A mode OFF on input line 4407.

(/usr/local/texlive/2009/texmf-dist/tex/generic/oberdiek/atbegshi.sty
Package: atbegshi 2008/07/31 v1.9 At begin shipout hook (HO)
)
\Hy@abspage=\count117
\c@Item=\count118
\c@Hfootnote=\count119
)
*hyperref using driver hpdftex*
(/usr/local/texlive/2009/texmf-dist/tex/latex/hyperref/hpdftex.def
File: hpdftex.def 2009/10/09 v6.79a Hyperref driver for pdfTeX
\Fld@listcount=\count120
)
\pagenrlog=\write6
\openout6 = `qpadocumentation.pnr'.


(./qpadocumentation.aux

LaTeX Warning: Label `Quiver' multiply defined.


LaTeX Warning: Label `Quiver' multiply defined.


LaTeX Warning: Label `OrderedBy' multiply defined.


LaTeX Warning: Label `.' multiply defined.


LaTeX Warning: Label `<' multiply defined.


LaTeX Warning: Label `<' multiply defined.


LaTeX Warning: Label `RightModuleOverPathAlgebra' multiply defined.


LaTeX Warning: Label `LoewyLength' multiply defined.


LaTeX Warning: Label `^' multiply defined.


LaTeX Warning: Label `<' multiply defined.

)
\openout1 = `qpadocumentation.aux'.

LaTeX Font Info:    Checking defaults for OML/cmm/m/it on input line 51.
LaTeX Font Info:    ... okay on input line 51.
LaTeX Font Info:    Checking defaults for T1/cmr/m/n on input line 51.
LaTeX Font Info:    ... okay on input line 51.
LaTeX Font Info:    Checking defaults for OT1/cmr/m/n on input line 51.
LaTeX Font Info:    ... okay on input line 51.
LaTeX Font Info:    Checking defaults for OMS/pzccm/m/n on input line 51.
LaTeX Font Info:    Try loading font information for OMS+pzccm on input line 51
.
 (/usr/local/texlive/2009/texmf-dist/tex/latex/psnfss/omspzccm.fd
File: omspzccm.fd 2000/01/03 Fontinst v1.801 font definitions for OMS/pzccm.
)
LaTeX Font Info:    ... okay on input line 51.
LaTeX Font Info:    Checking defaults for OMX/cmex/m/n on input line 51.
LaTeX Font Info:    ... okay on input line 51.
LaTeX Font Info:    Checking defaults for U/cmr/m/n on input line 51.
LaTeX Font Info:    ... okay on input line 51.
LaTeX Font Info:    Checking defaults for PD1/pdf/m/n on input line 51.
LaTeX Font Info:    ... okay on input line 51.

(/usr/local/texlive/2009/texmf-dist/tex/context/base/supp-pdf.mkii
[Loading MPS to PDF converter (version 2006.09.02).]
\scratchcounter=\count121
\scratchdimen=\dimen149
\scratchbox=\box33
\nofMPsegments=\count122
\nofMParguments=\count123
\everyMPshowfont=\toks31
\MPscratchCnt=\count124
\MPscratchDim=\dimen150
\MPnumerator=\count125
\everyMPtoPDFconversion=\toks32
)
Package hyperref Info: Link coloring ON on input line 51.
 (/usr/local/texlive/2009/texmf-dist/tex/latex/hyperref/nameref.sty
Package: nameref 2007/05/29 v2.31 Cross-referencing by name of section

(/usr/local/texlive/2009/texmf-dist/tex/latex/oberdiek/refcount.sty
Package: refcount 2008/08/11 v3.1 Data extraction from references (HO)
)
\c@section@level=\count126
)
LaTeX Info: Redefining \ref on input line 51.
LaTeX Info: Redefining \pageref on input line 51.
\AtBeginShipoutBox=\box34
LaTeX Font Info:    Font shape `OT1/ptm/bx/n' in size <24.88> not available
(Font)              Font shape `OT1/ptm/b/n' tried instead on input line 55.
LaTeX Font Info:    Font shape `OT1/ptm/bx/n' in size <14.4> not available
(Font)              Font shape `OT1/ptm/b/n' tried instead on input line 58.
LaTeX Font Info:    Font shape `OT1/ptm/bx/n' in size <12> not available
(Font)              Font shape `OT1/ptm/b/n' tried instead on input line 64.
LaTeX Font Info:    Font shape `OT1/pcr/bx/n' in size <12> not available
(Font)              Font shape `OT1/pcr/b/n' tried instead on input line 64.


Package hyperref Warning: Token not allowed in a PDF string (PDFDocEncoding):
(hyperref)                removing `\\' on input line 67.


Package hyperref Warning: Token not allowed in a PDF string (PDFDocEncoding):
(hyperref)                removing `\\' on input line 67.


Package hyperref Warning: Token not allowed in a PDF string (PDFDocEncoding):
(hyperref)                removing `\char' on input line 67.

LaTeX Font Info:    Try loading font information for OT1+ptmcm on input line 70
.
(/usr/local/texlive/2009/texmf-dist/tex/latex/psnfss/ot1ptmcm.fd
File: ot1ptmcm.fd 2000/01/03 Fontinst v1.801 font definitions for OT1/ptmcm.
)
LaTeX Font Info:    Try loading font information for OML+ptmcm on input line 70
.

(/usr/local/texlive/2009/texmf-dist/tex/latex/psnfss/omlptmcm.fd
File: omlptmcm.fd 2000/01/03 Fontinst v1.801 font definitions for OML/ptmcm.
)
LaTeX Font Info:    Try loading font information for OMX+psycm on input line 70
.

(/usr/local/texlive/2009/texmf-dist/tex/latex/psnfss/omxpsycm.fd
File: omxpsycm.fd 2000/01/03 Fontinst v1.801 font definitions for OMX/psycm.
)
LaTeX Font Info:    Try loading font information for U+msa on input line 70.

(/usr/local/texlive/2009/texmf-dist/tex/latex/amsfonts/umsa.fd
File: umsa.fd 2009/06/22 v3.00 AMS symbols A
)
LaTeX Font Info:    Try loading font information for U+msb on input line 70.

(/usr/local/texlive/2009/texmf-dist/tex/latex/amsfonts/umsb.fd
File: umsb.fd 2009/06/22 v3.00 AMS symbols B
)
LaTeX Font Info:    Font shape `OT1/ptm/bx/n' in size <10.95> not available
(Font)              Font shape `OT1/ptm/b/n' tried instead on input line 70.
LaTeX Font Info:    Font shape `OT1/ptm/bx/n' in size <8> not available
(Font)              Font shape `OT1/ptm/b/n' tried instead on input line 70.
LaTeX Font Info:    Font shape `OT1/ptm/bx/n' in size <6> not available
(Font)              Font shape `OT1/ptm/b/n' tried instead on input line 70.

Underfull \hbox (badness 10000) in paragraph at lines 74--75

 []


Underfull \hbox (badness 10000) in paragraph at lines 76--79

 []

[1

{/usr/local/texlive/2009/texmf-var/fonts/map/pdftex/updmap/pdftex.map}]
Underfull \hbox (badness 10000) in paragraph at lines 86--88

 []

LaTeX Font Info:    Font shape `OMS/ptm/m/n' in size <10> not available
(Font)              Font shape `OMS/pzccm/m/n' tried instead on input line 90.

Underfull \hbox (badness 10000) in paragraph at lines 90--92

 []

LaTeX Font Info:    Font shape `OT1/phv/m/n' will be
(Font)              scaled to size 8.99994pt on input line 94.
LaTeX Font Info:    Font shape `OT1/ptm/bx/n' in size <10> not available
(Font)              Font shape `OT1/ptm/b/n' tried instead on input line 97.
LaTeX Font Info:    Font shape `OT1/ptm/bx/n' in size <7.4> not available
(Font)              Font shape `OT1/ptm/b/n' tried instead on input line 97.

Underfull \hbox (badness 10000) in paragraph at lines 108--110

 []


Underfull \hbox (badness 10000) in paragraph at lines 112--113

 []

[2] (./qpadocumentation.toc [3

]
LaTeX Font Info:    Try loading font information for OML+ptm on input line 39.

(/usr/local/texlive/2009/texmf-dist/tex/latex/psnfss/omlptm.fd
File: omlptm.fd 
)
LaTeX Font Info:    Font shape `OML/ptm/m/n' in size <10.95> not available
(Font)              Font shape `OML/cmm/m/it' tried instead on input line 39.
 [4] [5]
[6] [7])
\tf@toc=\write7
\openout7 = `qpadocumentation.toc'.

 [8]
Chapter 1.
LaTeX Font Info:    Font shape `OT1/ptm/bx/n' in size <20.74> not available
(Font)              Font shape `OT1/ptm/b/n' tried instead on input line 121.
LaTeX Font Info:    Font shape `OT1/phv/m/n' will be
(Font)              scaled to size 9.85492pt on input line 125.
[9

] [10] [11] [12]
Chapter 2.

Underfull \hbox (badness 10000) in paragraph at lines 331--334

 []


Underfull \hbox (badness 10000) in paragraph at lines 350--359

 []

[13

]
Underfull \hbox (badness 10000) in paragraph at lines 432--435

 []


Underfull \hbox (badness 10000) in paragraph at lines 444--447

 []


Underfull \hbox (badness 10000) in paragraph at lines 456--459

 []

[14]
Underfull \hbox (badness 10000) in paragraph at lines 500--503

 []

[15] [16]
Underfull \hbox (badness 10000) in paragraph at lines 658--661

 []


Underfull \hbox (badness 10000) in paragraph at lines 670--673

 []


Underfull \hbox (badness 10000) in paragraph at lines 682--685

 []


Underfull \hbox (badness 10000) in paragraph at lines 694--697

 []

[17]
Underfull \hbox (badness 10000) in paragraph at lines 778--781

 []


Underfull \hbox (badness 10000) in paragraph at lines 819--822

 []

[18]

LaTeX Font Warning: Font shape `OML/ptm/bx/n' undefined
(Font)              using `OML/ptm/m/it' instead
(Font)              for symbol `textless' on input line 833.

LaTeX Font Info:    Font shape `OML/ptm/m/it' in size <12> not available
(Font)              Font shape `OML/cmm/m/it' tried instead on input line 833.
LaTeX Font Info:    Try loading font information for OML+pcr on input line 838.

(/usr/local/texlive/2009/texmf-dist/tex/latex/psnfss/omlpcr.fd
File: omlpcr.fd 
)
LaTeX Font Info:    Font shape `OML/pcr/m/n' in size <10.95> not available
(Font)              Font shape `OML/cmm/m/it' tried instead on input line 838.

Underfull \hbox (badness 10000) in paragraph at lines 836--839

 []

[19pdfTeX warning (ext4): destination with the same identifier (name{L.X8123456
781234567}) has been already used, duplicate ignored

\AtBegShi@Output ...ipout \box \AtBeginShipoutBox 
                                                  \fi \fi 
l.928 ...ntsize=\small,frame=single,label=Example]
                                                  ] [20]
Chapter 3.

Underfull \hbox (badness 10000) in paragraph at lines 959--962

 []

pdfTeX warning (ext4): destination with the same identifier (name{L.X83E4980082
33E2DD}) has been already used, duplicate ignored
<to be read again> 
                   \relax 
l.1002 \hyperdef{L}{X83E498008233E2DD}{}
                                        
Underfull \hbox (badness 10000) in paragraph at lines 1024--1027

 []

[21

]
Underfull \hbox (badness 10000) in paragraph at lines 1049--1052

 []

pdfTeX warning (ext4): destination with the same identifier (name{L.X7821AC0978
21AC09}) has been already used, duplicate ignored
<to be read again> 
                   \relax 
l.1065 \hyperdef{L}{X7821AC097821AC09}{}
                                        
Underfull \hbox (badness 10000) in paragraph at lines 1066--1069

 []

LaTeX Font Info:    Font shape `OML/ptm/bx/n' in size <12> not available
(Font)              Font shape `OML/cmm/m/it' tried instead on input line 1089.

pdfTeX warning (ext4): destination with the same identifier (name{L.X871A3B1D87
1A3B1D}) has been already used, duplicate ignored
<to be read again> 
                   \relax 
l.1091 \hyperdef{L}{X871A3B1D871A3B1D}{}
                                        
Underfull \hbox (badness 10000) in paragraph at lines 1092--1095

 []


Underfull \hbox (badness 10000) in paragraph at lines 1104--1107

 []

[22]
Underfull \hbox (badness 10000) in paragraph at lines 1116--1119

 []


Underfull \hbox (badness 10000) in paragraph at lines 1128--1131

 []


Underfull \hbox (badness 10000) in paragraph at lines 1157--1163

 []


Underfull \hbox (badness 10000) in paragraph at lines 1173--1179

 []

[23]
Underfull \hbox (badness 10000) in paragraph at lines 1188--1194

 []


Underfull \hbox (badness 10000) in paragraph at lines 1215--1218

 []


Underfull \hbox (badness 10000) in paragraph at lines 1228--1231

 []

[24]
Underfull \hbox (badness 10000) in paragraph at lines 1287--1290

 []


Underfull \hbox (badness 10000) in paragraph at lines 1299--1302

 []


Underfull \hbox (badness 10000) in paragraph at lines 1311--1314

 []

[25]
Underfull \hbox (badness 10000) in paragraph at lines 1353--1356

 []


Underfull \hbox (badness 10000) in paragraph at lines 1378--1381

 []


Underfull \hbox (badness 10000) in paragraph at lines 1390--1393

 []


Underfull \hbox (badness 10000) in paragraph at lines 1411--1414

 []

[26]
Underfull \hbox (badness 10000) in paragraph at lines 1423--1426

 []


Underfull \hbox (badness 10000) in paragraph at lines 1437--1440

 []


Underfull \hbox (badness 10000) in paragraph at lines 1451--1454

 []


Underfull \hbox (badness 10000) in paragraph at lines 1463--1466

 []


Underfull \hbox (badness 10000) in paragraph at lines 1475--1478

 []


Underfull \hbox (badness 10000) in paragraph at lines 1487--1490

 []

[27]
Underfull \hbox (badness 10000) in paragraph at lines 1506--1509

 []

pdfTeX warning (ext4): destination with the same identifier (name{L.X871A3B1D87
1A3B1D}) has been already used, duplicate ignored
<to be read again> 
                   \relax 
l.1522 \hyperdef{L}{X871A3B1D871A3B1D}{}
                                        
Underfull \hbox (badness 10000) in paragraph at lines 1523--1526

 []


Underfull \hbox (badness 10000) in paragraph at lines 1535--1538

 []


Underfull \hbox (badness 10000) in paragraph at lines 1547--1550

 []

[28]
Underfull \hbox (badness 10000) in paragraph at lines 1609--1612

 []


Underfull \hbox (badness 10000) in paragraph at lines 1622--1625

 []


Underfull \hbox (badness 10000) in paragraph at lines 1634--1637

 []


Underfull \hbox (badness 10000) in paragraph at lines 1650--1653

 []

[29]
Underfull \hbox (badness 10000) in paragraph at lines 1666--1669

 []


Underfull \hbox (badness 10000) in paragraph at lines 1704--1707

 []


Underfull \hbox (badness 10000) in paragraph at lines 1716--1719

 []


Underfull \hbox (badness 10000) in paragraph at lines 1728--1731

 []

[30]
Underfull \hbox (badness 10000) in paragraph at lines 1771--1774

 []


Underfull \hbox (badness 10000) in paragraph at lines 1783--1786

 []

[31]
Chapter 4.

Underfull \hbox (badness 10000) in paragraph at lines 1812--1815

 []


Underfull \hbox (badness 10000) in paragraph at lines 1849--1852

 []


Underfull \hbox (badness 10000) in paragraph at lines 1865--1868

 []

[32

]
Underfull \hbox (badness 10000) in paragraph at lines 1881--1884

 []


Underfull \hbox (badness 10000) in paragraph at lines 1897--1900

 []


Underfull \hbox (badness 10000) in paragraph at lines 1913--1916

 []


Underfull \hbox (badness 10000) in paragraph at lines 1939--1942

 []


Underfull \hbox (badness 10000) in paragraph at lines 1955--1958

 []

[33]
Underfull \hbox (badness 10000) in paragraph at lines 1974--1977

 []


Underfull \hbox (badness 10000) in paragraph at lines 1990--1993

 []


Underfull \hbox (badness 10000) in paragraph at lines 2006--2009

 []


Underfull \hbox (badness 10000) in paragraph at lines 2024--2027

 []

[34]
Underfull \hbox (badness 10000) in paragraph at lines 2042--2045

 []


Underfull \hbox (badness 10000) in paragraph at lines 2061--2064

 []


Underfull \hbox (badness 10000) in paragraph at lines 2079--2082

 []


Underfull \hbox (badness 10000) in paragraph at lines 2095--2098

 []

[35]
Underfull \hbox (badness 10000) in paragraph at lines 2119--2122

 []


Underfull \hbox (badness 10000) in paragraph at lines 2135--2138

 []


Underfull \hbox (badness 10000) in paragraph at lines 2147--2150

 []

[36]
Chapter 5.
[37

]
Chapter 6.
[38

] [39]
Underfull \hbox (badness 10000) in paragraph at lines 2329--2332

 []

pdfTeX warning (ext4): destination with the same identifier (name{L.X8123456781
234567}) has been already used, duplicate ignored
<to be read again> 
                   \relax 
l.2351 \hyperdef{L}{X8123456781234567}{}
                                        
Underfull \hbox (badness 10000) in paragraph at lines 2352--2355

 []

[40] [41]
Underfull \hbox (badness 1038) in paragraph at lines 2438--2443
[]\OT1/ptm/b/n/10.95 Returns:  \OT1/ptm/m/n/10.95 the di-men-sion vec-tor of th
e rep-re-sen-ta-tion []. The ar-gu-ment [] must be a
 []


Underfull \hbox (badness 4132) in paragraph at lines 2454--2459
[]\OT1/ptm/b/n/10.95 Returns:  \OT1/ptm/m/n/10.95 the di-men-sion of the rep-re
-sen-ta-tion []. The ar-gu-ment [] must be a
 []


Underfull \hbox (badness 10000) in paragraph at lines 2498--2501

 []


Underfull \hbox (badness 10000) in paragraph at lines 2510--2513

 []


Underfull \hbox (badness 10000) in paragraph at lines 2523--2526

 []

[42] [43]
Underfull \hbox (badness 3128) in paragraph at lines 2610--2615
[]\OT1/ptm/b/n/10.95 Returns:  \OT1/ptm/m/n/10.95 true if the rep-re-sen-ta-tio
n [] is in-jec-tive. The ar-gu-ment [] must be a
 []


Underfull \hbox (badness 2521) in paragraph at lines 2623--2628
[]\OT1/ptm/b/n/10.95 Returns:  \OT1/ptm/m/n/10.95 true if the rep-re-sen-ta-tio
n [] is pro-jec-tive. The ar-gu-ment [] must be a
 []


Underfull \hbox (badness 1968) in paragraph at lines 2636--2641
[]\OT1/ptm/b/n/10.95 Returns:  \OT1/ptm/m/n/10.95 true if the rep-re-sen-ta-tio
n [] is semisim-ple. The ar-gu-ment [] must be a
 []


Underfull \hbox (badness 4072) in paragraph at lines 2649--2654
[]\OT1/ptm/b/n/10.95 Returns:  \OT1/ptm/m/n/10.95 true if the rep-re-sen-ta-tio
n [] is sim-ple. The ar-gu-ment [] must be a
 []

pdfTeX warning (ext4): destination with the same identifier (name{L.X7BEA44FB81
9910B6}) has been already used, duplicate ignored
<to be read again> 
                   \relax 
l.2661 \hyperdef{L}{X7BEA44FB819910B6}{}
                                         [44] [45] [46]
Underfull \hbox (badness 10000) in paragraph at lines 2980--2983

 []

[47]
Underfull \hbox (badness 10000) in paragraph at lines 2992--2995

 []

[48]pdfTeX warning (ext4): destination with the same identifier (name{L.X812345
6781234567}) has been already used, duplicate ignored
<to be read again> 
                   \relax 
l.3131 \hyperdef{L}{X8123456781234567}{}
                                        
Underfull \hbox (badness 10000) in paragraph at lines 3132--3135

 []

[49]pdfTeX warning (ext4): destination with the same identifier (name{L.X871A3B
1D871A3B1D}) has been already used, duplicate ignored
<to be read again> 
                   \relax 
l.3149 \hyperdef{L}{X871A3B1D871A3B1D}{}
                                        
Underfull \hbox (badness 10000) in paragraph at lines 3150--3153

 []

pdfTeX warning (ext4): destination with the same identifier (name{L.X8123456781
234567}) has been already used, duplicate ignored
<to be read again> 
                   \relax 
l.3167 \hyperdef{L}{X8123456781234567}{}
                                        
Underfull \hbox (badness 10000) in paragraph at lines 3168--3171

 []

[50]
Chapter 7.

Underfull \hbox (badness 10000) in paragraph at lines 3240--3243

 []


Underfull \hbox (badness 10000) in paragraph at lines 3245--3248
[]\OT1/ptm/b/n/10.95 Returns:  \OT1/ptm/m/n/10.95 true or false de-pend-ing on 
if [] be-longs to the cat-e-gories
 []


Underfull \hbox (badness 10000) in paragraph at lines 3245--3248
\OT1/pcr/m/n/10.95 IsAdditiveElementWithZero\OT1/ptm/m/n/10.95 , \OT1/pcr/m/n/1
0.95 IsAdditiveElementWithInverse\OT1/ptm/m/n/10.95 , \OT1/pcr/m/n/10.95 IsGene
ralMapping\OT1/ptm/m/n/10.95 ,
 []


Underfull \hbox (badness 10000) in paragraph at lines 3245--3248
\OT1/pcr/m/n/10.95 RespectsAddition\OT1/ptm/m/n/10.95 , \OT1/pcr/m/n/10.95 Resp
ectsZero\OT1/ptm/m/n/10.95 , \OT1/pcr/m/n/10.95 RespectsScalarMultiplication\OT
1/ptm/m/n/10.95 , \OT1/pcr/m/n/10.95 IsTotal \OT1/ptm/m/n/10.95 and
 []

[51

]
Underfull \hbox (badness 10000) in paragraph at lines 3258--3261

 []


Underfull \hbox (badness 1184) in paragraph at lines 3269--3273
[] \OT1/ptm/m/n/10.95 is a list of ma-tri-ces \OT1/pcr/m/n/10.95 mats[i]\OT1/pt
m/m/n/10.95 , where \OT1/pcr/m/n/10.95 mats[i] \OT1/ptm/m/n/10.95 rep-re-sents 
the lin-ear map from \OT1/pcr/m/n/10.95 M[i]
 []


Underfull \hbox (badness 1132) in paragraph at lines 3269--3273
\OT1/ptm/m/n/10.95 zero, then \OT1/pcr/m/n/10.95 mats[i] \OT1/ptm/m/n/10.95 is 
a \OT1/pcr/m/n/10.95 DimensionVector(M)[i] \OT1/ptm/m/n/10.95 by \OT1/pcr/m/n/1
0.95 DimensionVector(N)[i] \OT1/ptm/m/n/10.95 ma-trix. If
 []


Underfull \hbox (badness 10000) in paragraph at lines 3300--3303

 []


Underfull \hbox (badness 10000) in paragraph at lines 3316--3319

 []

[52]
Underfull \hbox (badness 10000) in paragraph at lines 3343--3346

 []


Underfull \hbox (badness 10000) in paragraph at lines 3361--3364

 []


Underfull \hbox (badness 10000) in paragraph at lines 3379--3382

 []

[53]
Underfull \hbox (badness 10000) in paragraph at lines 3417--3420

 []


Underfull \hbox (badness 10000) in paragraph at lines 3433--3436

 []


Underfull \hbox (badness 10000) in paragraph at lines 3449--3452

 []


Underfull \hbox (badness 10000) in paragraph at lines 3465--3468

 []


Underfull \hbox (badness 10000) in paragraph at lines 3481--3484

 []

[54]pdfTeX warning (ext4): destination with the same identifier (name{L.X7E8438
F77ECB778E}) has been already used, duplicate ignored
<to be read again> 
                   \relax 
l.3499 \hyperdef{L}{X7E8438F77ECB778E}{}
                                        
Underfull \hbox (badness 10000) in paragraph at lines 3500--3503

 []

[55]
Underfull \hbox (badness 10000) in paragraph at lines 3569--3572

 []


Underfull \hbox (badness 10000) in paragraph at lines 3585--3588

 []


Underfull \hbox (badness 10000) in paragraph at lines 3602--3605

 []


Underfull \hbox (badness 10000) in paragraph at lines 3618--3621

 []


Underfull \hbox (badness 10000) in paragraph at lines 3634--3637

 []

[56]
Underfull \hbox (badness 10000) in paragraph at lines 3677--3680

 []


Underfull \hbox (badness 10000) in paragraph at lines 3694--3697

 []

[57]
Underfull \hbox (badness 10000) in paragraph at lines 3730--3733

 []


Underfull \hbox (badness 10000) in paragraph at lines 3746--3749

 []


Underfull \hbox (badness 10000) in paragraph at lines 3781--3787

 []


Underfull \hbox (badness 10000) in paragraph at lines 3803--3806

 []

[58]
Underfull \hbox (badness 10000) in paragraph at lines 3821--3824

 []


Underfull \hbox (badness 10000) in paragraph at lines 3840--3843

 []


Underfull \hbox (badness 10000) in paragraph at lines 3859--3871

 []


Underfull \hbox (badness 10000) in paragraph at lines 3888--3894

 []

[59] [60]
Underfull \hbox (badness 10000) in paragraph at lines 3997--4000

 []


Underfull \hbox (badness 10000) in paragraph at lines 4015--4018

 []

[61] [62]
Underfull \hbox (badness 10000) in paragraph at lines 4089--4092

 []


Underfull \hbox (badness 10000) in paragraph at lines 4105--4108

 []


Underfull \hbox (badness 10000) in paragraph at lines 4121--4124

 []


Underfull \hbox (badness 10000) in paragraph at lines 4138--4141

 []

[63]
Underfull \hbox (badness 10000) in paragraph at lines 4191--4200

 []


Underfull \hbox (badness 10000) in paragraph at lines 4216--4219

 []

LaTeX Font Info:    Font shape `OML/pcr/m/sl' in size <10.95> not available
(Font)              Font shape `OML/cmm/m/it' tried instead on input line 4223.


Underfull \hbox (badness 10000) in paragraph at lines 4234--4237

 []

[64]
Underfull \hbox (badness 10000) in paragraph at lines 4252--4255

 []

[65]
Underfull \hbox (badness 10000) in paragraph at lines 4346--4349

 []


Underfull \hbox (badness 10000) in paragraph at lines 4364--4367

 []

[66]
Underfull \hbox (badness 10000) in paragraph at lines 4382--4385

 []


Underfull \hbox (badness 10000) in paragraph at lines 4401--4404

 []

[67]
Underfull \hbox (badness 10000) in paragraph at lines 4455--4458

 []


Underfull \hbox (badness 10000) in paragraph at lines 4479--4482

 []

[68] [69]
Chapter 8.
LaTeX Font Info:    Font shape `OMS/ptm/m/n' in size <10.95> not available
(Font)              Font shape `OMS/pzccm/m/n' tried instead on input line 4576
.

LaTeX Warning: Reference `SingleObjectComplex' on page 70 undefined on input li
ne 4577.


LaTeX Warning: Reference `ShortExactSequence' on page 70 undefined on input lin
e 4579.


Underfull \hbox (badness 10000) in paragraph at lines 4586--4589

 []


Underfull \hbox (badness 10000) in paragraph at lines 4598--4601

 []


LaTeX Warning: Reference `IsCat' on page 70 undefined on input line 4618.

[70

]

LaTeX Warning: Reference `IsCat' on page 71 undefined on input line 4662.

[71]

LaTeX Warning: Reference `IsCat' on page 72 undefined on input line 4680.

[72]
Appendix A.
(./qpadocumentation.bbl (./qpadocumentation.brf)
\tf@brf=\write8
\openout8 = `qpadocumentation.brf'.

 [73

]

LaTeX Warning: Empty `thebibliography' environment on input line 3.

) (./qpadocumentation.ind [74

] [75

] [76] [77

]) (./qpadocumentation.aux)

LaTeX Font Warning: Some font shapes were not available, defaults substituted.


LaTeX Warning: There were undefined references.


LaTeX Warning: There were multiply-defined labels.

 ) 
Here is how much of TeX's memory you used:
 8727 strings out of 493848
 121966 string characters out of 3149207
 236668 words of memory out of 3000000
 11236 multiletter control sequences out of 15000+200000
 51005 words of font info for 111 fonts, out of 3000000 for 9000
 714 hyphenation exceptions out of 8191
 38i,7n,33p,918b,579s stack positions out of 5000i,500n,10000p,200000b,50000s
{/usr/local/texlive/2009/texmf-dist/fonts/enc/dvips/base/8r.enc}</usr/local/t
exlive/2009/texmf-dist/fonts/type1/public/amsfonts/cm/cmmi10.pfb></usr/local/te
xlive/2009/texmf-dist/fonts/type1/public/amsfonts/cm/cmmi12.pfb></usr/local/tex
live/2009/texmf-dist/fonts/type1/public/amsfonts/cm/cmr10.pfb></usr/local/texli
ve/2009/texmf-dist/fonts/type1/public/amsfonts/cm/cmsy10.pfb></usr/local/texliv
e/2009/texmf-dist/fonts/type1/public/amsfonts/symbols/msam10.pfb></usr/local/te
xlive/2009/texmf-dist/fonts/type1/urw/courier/ucrb8a.pfb></usr/local/texlive/20
09/texmf-dist/fonts/type1/urw/courier/ucrr8a.pfb></usr/local/texlive/2009/texmf
-dist/fonts/type1/urw/courier/ucrro8a.pfb></usr/local/texlive/2009/texmf-dist/f
onts/type1/urw/helvetic/uhvr8a.pfb></usr/local/texlive/2009/texmf-dist/fonts/ty
pe1/urw/symbol/usyr.pfb></usr/local/texlive/2009/texmf-dist/fonts/type1/urw/tim
es/utmb8a.pfb></usr/local/texlive/2009/texmf-dist/fonts/type1/urw/times/utmr8a.
pfb></usr/local/texlive/2009/texmf-dist/fonts/type1/urw/times/utmr8a.pfb></usr/
local/texlive/2009/texmf-dist/fonts/type1/urw/times/utmri8a.pfb>
Output written on qpadocumentation.pdf (77 pages, 477644 bytes).
PDF statistics:
 1493 PDF objects out of 1728 (max. 8388607)
 579 named destinations out of 1000 (max. 500000)
 1 words of extra memory for PDF output out of 10000 (max. 10000000)

